#
# There is insufficient memory for the Java Runtime Environment to continue.
# Native memory allocation (mmap) failed to map 171966464 bytes for committing reserved memory.
# Possible reasons:
#   The system is out of physical RAM or swap space
#   The process is running with CompressedOops enabled, and the Java Heap may be blocking the growth of the native heap
# Possible solutions:
#   Reduce memory load on the system
#   Increase physical memory or swap space
#   Check if swap backing store is full
#   Decrease Java heap size (-Xmx/-Xms)
#   Decrease number of Java threads
#   Decrease Java thread stack sizes (-Xss)
#   Set larger code cache with -XX:ReservedCodeCacheSize=
# This output file may be truncated or incomplete.
#
#  Out of Memory Error (os_linux.cpp:2753), pid=2002, tid=0x00007f9301e10700
#
# JRE version:  (8.0_202) (build )
# Java VM: OpenJDK 64-Bit Server VM (25.202-b49-5587405 mixed mode linux-amd64 compressed oops)
# Failed to write core dump. Core dumps have been disabled. To enable core dumping, try "ulimit -c unlimited" before starting Java again
#

---------------  T H R E A D  ---------------

Current thread (0x00007f92fc00b800):  JavaThread "Unknown thread" [_thread_in_vm, id=2020, stack(0x00007f9301d11000,0x00007f9301e11000)]

Stack: [0x00007f9301d11000,0x00007f9301e11000],  sp=0x00007f9301e0f630,  free space=1017k
Native frames: (J=compiled Java code, j=interpreted, Vv=VM code, C=native code)
V  [libjvm.so+0xa08b78]  VMError::report_and_die()+0x148
V  [libjvm.so+0x4d412a]  report_vm_out_of_memory(char const*, int, unsigned long, VMErrorType, char const*)+0x8a
V  [libjvm.so+0x870478]  os::pd_commit_memory(char*, unsigned long, unsigned long, bool)+0xd8
V  [libjvm.so+0x867f9f]  os::commit_memory(char*, unsigned long, unsigned long, bool)+0x1f
V  [libjvm.so+0x8e14eb]  PSVirtualSpace::expand_by(unsigned long)+0x5b
V  [libjvm.so+0x8d34e8]  PSOldGen::initialize(ReservedSpace, unsigned long, char const*, int)+0xa8
V  [libjvm.so+0x2dbae3]  AdjoiningGenerations::AdjoiningGenerations(ReservedSpace, GenerationSizer*, unsigned long)+0x353
V  [libjvm.so+0x893e91]  ParallelScavengeHeap::initialize()+0x211
V  [libjvm.so+0x9d4279]  Universe::initialize_heap()+0x189
V  [libjvm.so+0x9d4473]  universe_init()+0x33
V  [libjvm.so+0x5fcd95]  init_globals()+0x55
V  [libjvm.so+0x9b7a74]  Threads::create_vm(JavaVMInitArgs*, bool*)+0x274
V  [libjvm.so+0x669d5e]  JNI_CreateJavaVM+0x4e
C  [libjli.so+0x76f8]  JavaMain+0x88
C  [libpthread.so.0+0x76db]  start_thread+0xdb


---------------  P R O C E S S  ---------------

Java Threads: ( => current thread )

Other Threads:

=>0x00007f92fc00b800 (exited) JavaThread "Unknown thread" [_thread_in_vm, id=2020, stack(0x00007f9301d11000,0x00007f9301e11000)]

VM state:not at safepoint (not fully initialized)

VM Mutex/Monitor currently owned by a thread: None

heap address: 0x00000006ca000000, size: 3936 MB, Compressed Oops mode: Non-zero based:0x00000006c9fff000, Oop shift amount: 3
Narrow klass base: 0x0000000000000000, Narrow klass shift: 0

GC Heap History (0 events):
No events

Deoptimization events (0 events):
No events

Classes redefined (0 events):
No events

Internal exceptions (0 events):
No events

Events (0 events):
No events


Dynamic libraries:
00400000-00401000 r-xp 00000000 08:01 10492223                           /home/aditya/Documents/android-studio-ide-182.5314842-linux/android-studio/jre/bin/java
00401000-00402000 rw-p 00000000 08:01 10492223                           /home/aditya/Documents/android-studio-ide-182.5314842-linux/android-studio/jre/bin/java
01c16000-01c37000 rw-p 00000000 00:00 0                                  [heap]
6d4400000-76e000000 ---p 00000000 00:00 0 
76e000000-773200000 rw-p 00000000 00:00 0 
773200000-7c0000000 ---p 00000000 00:00 0 
7f92ebac0000-7f92ebc4d000 rw-p 00000000 00:00 0 
7f92ebc4d000-7f92ec16d000 ---p 00000000 00:00 0 
7f92ec16d000-7f92ec196000 rw-p 00000000 00:00 0 
7f92ec196000-7f92ec3fd000 ---p 00000000 00:00 0 
7f92ec3fd000-7f92ec408000 rw-p 00000000 00:00 0 
7f92ec408000-7f92ec7be000 ---p 00000000 00:00 0 
7f92ec7be000-7f92eca2e000 rwxp 00000000 00:00 0 
7f92eca2e000-7f92fb7be000 ---p 00000000 00:00 0 
7f92fb7be000-7f92fb7c9000 r-xp 00000000 08:01 3674870                    /lib/x86_64-linux-gnu/libnss_files-2.27.so
7f92fb7c9000-7f92fb9c8000 ---p 0000b000 08:01 3674870                    /lib/x86_64-linux-gnu/libnss_files-2.27.so
7f92fb9c8000-7f92fb9c9000 r--p 0000a000 08:01 3674870                    /lib/x86_64-linux-gnu/libnss_files-2.27.so
7f92fb9c9000-7f92fb9ca000 rw-p 0000b000 08:01 3674870                    /lib/x86_64-linux-gnu/libnss_files-2.27.so
7f92fb9ca000-7f92fb9d0000 rw-p 00000000 00:00 0 
7f92fb9d0000-7f92fb9e7000 r-xp 00000000 08:01 3674864                    /lib/x86_64-linux-gnu/libnsl-2.27.so
7f92fb9e7000-7f92fbbe6000 ---p 00017000 08:01 3674864                    /lib/x86_64-linux-gnu/libnsl-2.27.so
7f92fbbe6000-7f92fbbe7000 r--p 00016000 08:01 3674864                    /lib/x86_64-linux-gnu/libnsl-2.27.so
7f92fbbe7000-7f92fbbe8000 rw-p 00017000 08:01 3674864                    /lib/x86_64-linux-gnu/libnsl-2.27.so
7f92fbbe8000-7f92fbbea000 rw-p 00000000 00:00 0 
7f92fbbea000-7f92fbbf5000 r-xp 00000000 08:01 3674881                    /lib/x86_64-linux-gnu/libnss_nis-2.27.so
7f92fbbf5000-7f92fbdf4000 ---p 0000b000 08:01 3674881                    /lib/x86_64-linux-gnu/libnss_nis-2.27.so
7f92fbdf4000-7f92fbdf5000 r--p 0000a000 08:01 3674881                    /lib/x86_64-linux-gnu/libnss_nis-2.27.so
7f92fbdf5000-7f92fbdf6000 rw-p 0000b000 08:01 3674881                    /lib/x86_64-linux-gnu/libnss_nis-2.27.so
7f92fbdf6000-7f92fbdfe000 r-xp 00000000 08:01 3674866                    /lib/x86_64-linux-gnu/libnss_compat-2.27.so
7f92fbdfe000-7f92fbffe000 ---p 00008000 08:01 3674866                    /lib/x86_64-linux-gnu/libnss_compat-2.27.so
7f92fbffe000-7f92fbfff000 r--p 00008000 08:01 3674866                    /lib/x86_64-linux-gnu/libnss_compat-2.27.so
7f92fbfff000-7f92fc000000 rw-p 00009000 08:01 3674866                    /lib/x86_64-linux-gnu/libnss_compat-2.27.so
7f92fc000000-7f92fc038000 rw-p 00000000 00:00 0 
7f92fc038000-7f9300000000 ---p 00000000 00:00 0 
7f9300001000-7f930012f000 rw-p 00000000 00:00 0 
7f930012f000-7f9300136000 r-xp 00000000 08:01 3674921                    /lib/x86_64-linux-gnu/librt-2.27.so
7f9300136000-7f9300335000 ---p 00007000 08:01 3674921                    /lib/x86_64-linux-gnu/librt-2.27.so
7f9300335000-7f9300336000 r--p 00006000 08:01 3674921                    /lib/x86_64-linux-gnu/librt-2.27.so
7f9300336000-7f9300337000 rw-p 00007000 08:01 3674921                    /lib/x86_64-linux-gnu/librt-2.27.so
7f9300337000-7f93004d4000 r-xp 00000000 08:01 3674843                    /lib/x86_64-linux-gnu/libm-2.27.so
7f93004d4000-7f93006d3000 ---p 0019d000 08:01 3674843                    /lib/x86_64-linux-gnu/libm-2.27.so
7f93006d3000-7f93006d4000 r--p 0019c000 08:01 3674843                    /lib/x86_64-linux-gnu/libm-2.27.so
7f93006d4000-7f93006d5000 rw-p 0019d000 08:01 3674843                    /lib/x86_64-linux-gnu/libm-2.27.so
7f93006d5000-7f93012fb000 r-xp 00000000 08:01 10492091                   /home/aditya/Documents/android-studio-ide-182.5314842-linux/android-studio/jre/jre/lib/amd64/server/libjvm.so
7f93012fb000-7f93013cb000 rw-p 00c26000 08:01 10492091                   /home/aditya/Documents/android-studio-ide-182.5314842-linux/android-studio/jre/jre/lib/amd64/server/libjvm.so
7f93013cb000-7f930140f000 rw-p 00000000 00:00 0 
7f930140f000-7f93015f6000 r-xp 00000000 08:01 3674780                    /lib/x86_64-linux-gnu/libc-2.27.so
7f93015f6000-7f93017f6000 ---p 001e7000 08:01 3674780                    /lib/x86_64-linux-gnu/libc-2.27.so
7f93017f6000-7f93017fa000 r--p 001e7000 08:01 3674780                    /lib/x86_64-linux-gnu/libc-2.27.so
7f93017fa000-7f93017fc000 rw-p 001eb000 08:01 3674780                    /lib/x86_64-linux-gnu/libc-2.27.so
7f93017fc000-7f9301800000 rw-p 00000000 00:00 0 
7f9301800000-7f9301803000 r-xp 00000000 08:01 3674803                    /lib/x86_64-linux-gnu/libdl-2.27.so
7f9301803000-7f9301a02000 ---p 00003000 08:01 3674803                    /lib/x86_64-linux-gnu/libdl-2.27.so
7f9301a02000-7f9301a03000 r--p 00002000 08:01 3674803                    /lib/x86_64-linux-gnu/libdl-2.27.so
7f9301a03000-7f9301a04000 rw-p 00003000 08:01 3674803                    /lib/x86_64-linux-gnu/libdl-2.27.so
7f9301a04000-7f9301a1e000 r-xp 00000000 08:01 3674913                    /lib/x86_64-linux-gnu/libpthread-2.27.so
7f9301a1e000-7f9301c1d000 ---p 0001a000 08:01 3674913                    /lib/x86_64-linux-gnu/libpthread-2.27.so
7f9301c1d000-7f9301c1e000 r--p 00019000 08:01 3674913                    /lib/x86_64-linux-gnu/libpthread-2.27.so
7f9301c1e000-7f9301c1f000 rw-p 0001a000 08:01 3674913                    /lib/x86_64-linux-gnu/libpthread-2.27.so
7f9301c1f000-7f9301c23000 rw-p 00000000 00:00 0 
7f9301c23000-7f9301c4a000 r-xp 00000000 08:01 3674752                    /lib/x86_64-linux-gnu/ld-2.27.so
7f9301cc8000-7f9301ce3000 r-xp 00000000 08:01 10492117                   /home/aditya/Documents/android-studio-ide-182.5314842-linux/android-studio/jre/jre/lib/amd64/libzip.so
7f9301ce3000-7f9301ce4000 rw-p 0001a000 08:01 10492117                   /home/aditya/Documents/android-studio-ide-182.5314842-linux/android-studio/jre/jre/lib/amd64/libzip.so
7f9301ce4000-7f9301d0e000 r-xp 00000000 08:01 10492116                   /home/aditya/Documents/android-studio-ide-182.5314842-linux/android-studio/jre/jre/lib/amd64/libjava.so
7f9301d0e000-7f9301d10000 rw-p 0002a000 08:01 10492116                   /home/aditya/Documents/android-studio-ide-182.5314842-linux/android-studio/jre/jre/lib/amd64/libjava.so
7f9301d10000-7f9301d11000 ---p 00000000 00:00 0 
7f9301d11000-7f9301d14000 ---p 00000000 00:00 0 
7f9301d14000-7f9301e13000 rw-p 00000000 00:00 0 
7f9301e13000-7f9301e29000 r-xp 00000000 08:01 10492194                   /home/aditya/Documents/android-studio-ide-182.5314842-linux/android-studio/jre/lib/amd64/jli/libjli.so
7f9301e29000-7f9301e2a000 rw-p 00015000 08:01 10492194                   /home/aditya/Documents/android-studio-ide-182.5314842-linux/android-studio/jre/lib/amd64/jli/libjli.so
7f9301e2f000-7f9301e37000 rw-s 00000000 08:01 9175184                    /tmp/hsperfdata_aditya/2002
7f9301e37000-7f9301e38000 rw-p 00000000 00:00 0 
7f9301e38000-7f9301e39000 r--p 00000000 00:00 0 
7f9301e39000-7f9301e46000 r-xp 00000000 08:01 10492098                   /home/aditya/Documents/android-studio-ide-182.5314842-linux/android-studio/jre/jre/lib/amd64/libverify.so
7f9301e46000-7f9301e48000 rw-p 0000c000 08:01 10492098                   /home/aditya/Documents/android-studio-ide-182.5314842-linux/android-studio/jre/jre/lib/amd64/libverify.so
7f9301e48000-7f9301e4a000 rw-p 00000000 00:00 0 
7f9301e4a000-7f9301e4b000 r--p 00027000 08:01 3674752                    /lib/x86_64-linux-gnu/ld-2.27.so
7f9301e4b000-7f9301e4c000 rw-p 00028000 08:01 3674752                    /lib/x86_64-linux-gnu/ld-2.27.so
7f9301e4c000-7f9301e4d000 rw-p 00000000 00:00 0 
7fff27b47000-7fff27b68000 rw-p 00000000 00:00 0                          [stack]
7fff27b6d000-7fff27b70000 r--p 00000000 00:00 0                          [vvar]
7fff27b70000-7fff27b72000 r-xp 00000000 00:00 0                          [vdso]
ffffffffff600000-ffffffffff601000 r-xp 00000000 00:00 0                  [vsyscall]

VM Arguments:
jvm_args: -Dorg.gradle.appname=gradlew 
java_command: org.gradle.wrapper.GradleWrapperMain app:tasks --all --console=auto
java_class_path (initial): /home/aditya/Documents/FlutterProjects/flutter_bot/flutter_bot/android/gradle/wrapper/gradle-wrapper.jar
Launcher Type: SUN_STANDARD

Environment Variables:
JAVA_HOME=/home/aditya/Documents/android-studio-ide-182.5314842-linux/android-studio/jre
PATH=/usr/local/sbin:/usr/local/bin:/usr/sbin:/usr/bin:/sbin:/bin:/usr/games:/usr/local/games:/snap/bin:/usr/lib/jvm/java-8-oracle/bin:/usr/lib/jvm/java-8-oracle/db/bin:/usr/lib/jvm/java-8-oracle/jre/bin
USERNAME=aditya
SHELL=/bin/bash
DISPLAY=:0

Signal Handlers:
SIGSEGV: [libjvm.so+0xa09650], sa_mask[0]=11111111011111111101111111111110, sa_flags=SA_RESTART|SA_SIGINFO
SIGBUS: [libjvm.so+0xa09650], sa_mask[0]=11111111011111111101111111111110, sa_flags=SA_RESTART|SA_SIGINFO
SIGFPE: [libjvm.so+0x86bc60], sa_mask[0]=11111111011111111101111111111110, sa_flags=SA_RESTART|SA_SIGINFO
SIGPIPE: [libjvm.so+0x86bc60], sa_mask[0]=11111111011111111101111111111110, sa_flags=SA_RESTART|SA_SIGINFO
SIGXFSZ: [libjvm.so+0x86bc60], sa_mask[0]=11111111011111111101111111111110, sa_flags=SA_RESTART|SA_SIGINFO
SIGILL: [libjvm.so+0x86bc60], sa_mask[0]=11111111011111111101111111111110, sa_flags=SA_RESTART|SA_SIGINFO
SIGUSR1: SIG_DFL, sa_mask[0]=00000000000000000000000000000000, sa_flags=none
SIGUSR2: [libjvm.so+0x86bb30], sa_mask[0]=00100000000000000000010000100000, sa_flags=SA_RESTART|SA_SIGINFO
SIGHUP: SIG_IGN, sa_mask[0]=00000000000000000000000000000000, sa_flags=none
SIGINT: SIG_DFL, sa_mask[0]=00000000000000000000000000000000, sa_flags=none
SIGTERM: SIG_DFL, sa_mask[0]=00000000000000000000000000000000, sa_flags=none
SIGQUIT: SIG_DFL, sa_mask[0]=00000000000000000000000000000000, sa_flags=none


---------------  S Y S T E M  ---------------

OS:DISTRIB_ID=Ubuntu
DISTRIB_RELEASE=18.04
DISTRIB_CODENAME=bionic
DISTRIB_DESCRIPTION="Ubuntu 18.04.3 LTS"

uname:Linux 4.15.0-69-generic #78-Ubuntu SMP Wed Nov 6 11:30:24 UTC 2019 x86_64
libc:glibc 2.27 NPTL 2.27 
rlimit: STACK 8192k, CORE 0k, NPROC 62788, NOFILE 1048576, AS infinity
load average:1.78 1.51 2.72

/proc/meminfo:
MemTotal:       16118780 kB
MemFree:          174780 kB
MemAvailable:      76592 kB
Buffers:            2488 kB
Cached:          1091940 kB
SwapCached:        12196 kB
Active:         13900368 kB
Inactive:        1460624 kB
Active(anon):   13873912 kB
Inactive(anon):  1426944 kB
Active(file):      26456 kB
Inactive(file):    33680 kB
Unevictable:          48 kB
Mlocked:              48 kB
SwapTotal:       2097148 kB
SwapFree:              0 kB
Dirty:               256 kB
Writeback:             0 kB
AnonPages:      14255704 kB
Mapped:           680700 kB
Shmem:           1033956 kB
Slab:             196060 kB
SReclaimable:      79880 kB
SUnreclaim:       116180 kB
KernelStack:       25072 kB
PageTables:       188120 kB
NFS_Unstable:          0 kB
Bounce:                0 kB
WritebackTmp:          0 kB
CommitLimit:    10156536 kB
Committed_AS:   29132028 kB
VmallocTotal:   34359738367 kB
VmallocUsed:           0 kB
VmallocChunk:          0 kB
HardwareCorrupted:     0 kB
AnonHugePages:         0 kB
ShmemHugePages:        0 kB
ShmemPmdMapped:        0 kB
CmaTotal:              0 kB
CmaFree:               0 kB
HugePages_Total:       0
HugePages_Free:        0
HugePages_Rsvd:        0
HugePages_Surp:        0
Hugepagesize:       2048 kB
DirectMap4k:      563824 kB
DirectMap2M:    14854144 kB
DirectMap1G:     1048576 kB

container (cgroup) information:
container_type: cgroupv1
cpu_cpuset_cpus: 0-3
cpu_memory_nodes: 0
active_processor_count: 4
cpu_quota: -1
cpu_period: 100000
cpu_shares: -1
memory_limit_in_bytes: -1
memory_and_swap_limit_in_bytes: -2
memory_soft_limit_in_bytes: -1
memory_usage_in_bytes: 15728144384
memory_max_usage_in_bytes: 12828672


CPU:total 4 (initial active 4) (2 cores per cpu, 2 threads per core) family 6 model 61 stepping 4, cmov, cx8, fxsr, mmx, sse, sse2, sse3, ssse3, sse4.1, sse4.2, popcnt, avx, avx2, aes, clmul, erms, rtm, 3dnowpref, lzcnt, ht, tsc, tscinvbit, bmi1, bmi2, adx

/proc/cpuinfo:
processor	: 0
vendor_id	: GenuineIntel
cpu family	: 6
model		: 61
model name	: Intel(R) Core(TM) i5-5300U CPU @ 2.30GHz
stepping	: 4
microcode	: 0x2e
cpu MHz		: 1839.883
cache size	: 3072 KB
physical id	: 0
siblings	: 4
core id		: 0
cpu cores	: 2
apicid		: 0
initial apicid	: 0
fpu		: yes
fpu_exception	: yes
cpuid level	: 20
wp		: yes
flags		: fpu vme de pse tsc msr pae mce cx8 apic sep mtrr pge mca cmov pat pse36 clflush dts acpi mmx fxsr sse sse2 ss ht tm pbe syscall nx pdpe1gb rdtscp lm constant_tsc arch_perfmon pebs bts rep_good nopl xtopology nonstop_tsc cpuid aperfmperf pni pclmulqdq dtes64 monitor ds_cpl vmx smx est tm2 ssse3 sdbg fma cx16 xtpr pdcm pcid sse4_1 sse4_2 x2apic movbe popcnt tsc_deadline_timer aes xsave avx f16c rdrand lahf_lm abm 3dnowprefetch cpuid_fault epb invpcid_single pti ssbd ibrs ibpb stibp tpr_shadow vnmi flexpriority ept vpid fsgsbase tsc_adjust bmi1 hle avx2 smep bmi2 erms invpcid rtm rdseed adx smap intel_pt xsaveopt dtherm ida arat pln pts md_clear flush_l1d
bugs		: cpu_meltdown spectre_v1 spectre_v2 spec_store_bypass l1tf mds swapgs taa itlb_multihit
bogomips	: 4589.24
clflush size	: 64
cache_alignment	: 64
address sizes	: 39 bits physical, 48 bits virtual
power management:

processor	: 1
vendor_id	: GenuineIntel
cpu family	: 6
model		: 61
model name	: Intel(R) Core(TM) i5-5300U CPU @ 2.30GHz
stepping	: 4
microcode	: 0x2e
cpu MHz		: 1957.342
cache size	: 3072 KB
physical id	: 0
siblings	: 4
core id		: 0
cpu cores	: 2
apicid		: 1
initial apicid	: 1
fpu		: yes
fpu_exception	: yes
cpuid level	: 20
wp		: yes
flags		: fpu vme de pse tsc msr pae mce cx8 apic sep mtrr pge mca cmov pat pse36 clflush dts acpi mmx fxsr sse sse2 ss ht tm pbe syscall nx pdpe1gb rdtscp lm constant_tsc arch_perfmon pebs bts rep_good nopl xtopology nonstop_tsc cpuid aperfmperf pni pclmulqdq dtes64 monitor ds_cpl vmx smx est tm2 ssse3 sdbg fma cx16 xtpr pdcm pcid sse4_1 sse4_2 x2apic movbe popcnt tsc_deadline_timer aes xsave avx f16c rdrand lahf_lm abm 3dnowprefetch cpuid_fault epb invpcid_single pti ssbd ibrs ibpb stibp tpr_shadow vnmi flexpriority ept vpid fsgsbase tsc_adjust bmi1 hle avx2 smep bmi2 erms invpcid rtm rdseed adx smap intel_pt xsaveopt dtherm ida arat pln pts md_clear flush_l1d
bugs		: cpu_meltdown spectre_v1 spectre_v2 spec_store_bypass l1tf mds swapgs taa itlb_multihit
bogomips	: 4589.24
clflush size	: 64
cache_alignment	: 64
address sizes	: 39 bits physical, 48 bits virtual
power management:

processor	: 2
vendor_id	: GenuineIntel
cpu family	: 6
model		: 61
model name	: Intel(R) Core(TM) i5-5300U CPU @ 2.30GHz
stepping	: 4
microcode	: 0x2e
cpu MHz		: 1854.811
cache size	: 3072 KB
physical id	: 0
siblings	: 4
core id		: 1
cpu cores	: 2
apicid		: 2
initial apicid	: 2
fpu		: yes
fpu_exception	: yes
cpuid level	: 20
wp		: yes
flags		: fpu vme de pse tsc msr pae mce cx8 apic sep mtrr pge mca cmov pat pse36 clflush dts acpi mmx fxsr sse sse2 ss ht tm pbe syscall nx pdpe1gb rdtscp lm constant_tsc arch_perfmon pebs bts rep_good nopl xtopology nonstop_tsc cpuid aperfmperf pni pclmulqdq dtes64 monitor ds_cpl vmx smx est tm2 ssse3 sdbg fma cx16 xtpr pdcm pcid sse4_1 sse4_2 x2apic movbe popcnt tsc_deadline_timer aes xsave avx f16c rdrand lahf_lm abm 3dnowprefetch cpuid_fault epb invpcid_single pti ssbd ibrs ibpb stibp tpr_shadow vnmi flexpriority ept vpid fsgsbase tsc_adjust bmi1 hle avx2 smep bmi2 erms invpcid rtm rdseed adx smap intel_pt xsaveopt dtherm ida arat pln pts md_clear flush_l1d
bugs		: cpu_meltdown spectre_v1 spectre_v2 spec_store_bypass l1tf mds swapgs taa itlb_multihit
bogomips	: 4589.24
clflush size	: 64
cache_alignment	: 64
address sizes	: 39 bits physical, 48 bits virtual
power management:

processor	: 3
vendor_id	: GenuineIntel
cpu family	: 6
model		: 61
model name	: Intel(R) Core(TM) i5-5300U CPU @ 2.30GHz
stepping	: 4
microcode	: 0x2e
cpu MHz		: 1640.592
cache size	: 3072 KB
physical id	: 0
siblings	: 4
core id		: 1
cpu cores	: 2
apicid		: 3
initial apicid	: 3
fpu		: yes
fpu_exception	: yes
cpuid level	: 20
wp		: yes
flags		: fpu vme de pse tsc msr pae mce cx8 apic sep mtrr pge mca cmov pat pse36 clflush dts acpi mmx fxsr sse sse2 ss ht tm pbe syscall nx pdpe1gb rdtscp lm constant_tsc arch_perfmon pebs bts rep_good nopl xtopology nonstop_tsc cpuid aperfmperf pni pclmulqdq dtes64 monitor ds_cpl vmx smx est tm2 ssse3 sdbg fma cx16 xtpr pdcm pcid sse4_1 sse4_2 x2apic movbe popcnt tsc_deadline_timer aes xsave avx f16c rdrand lahf_lm abm 3dnowprefetch cpuid_fault epb invpcid_single pti ssbd ibrs ibpb stibp tpr_shadow vnmi flexpriority ept vpid fsgsbase tsc_adjust bmi1 hle avx2 smep bmi2 erms invpcid rtm rdseed adx smap intel_pt xsaveopt dtherm ida arat pln pts md_clear flush_l1d
bugs		: cpu_meltdown spectre_v1 spectre_v2 spec_store_bypass l1tf mds swapgs taa itlb_multihit
bogomips	: 4589.24
clflush size	: 64
cache_alignment	: 64
address sizes	: 39 bits physical, 48 bits virtual
power management:



Memory: 4k page, physical 16118780k(174044k free), swap 2097148k(0k free)

vm_info: OpenJDK 64-Bit Server VM (25.202-b49-5587405) for linux-amd64 JRE (1.8.0_202-release-1483-b49-5587405), built by "android-build" with gcc 4.8

time: Mon Nov 25 13:47:43 2019
timezone: IST
elapsed time: 0 seconds (0d 0h 0m 0s)

